<?xml version="1.0" encoding="UTF-8"?>
<!-- Generated by org.testng.reporters.JUnitReportReporter -->
<testsuite hostname="NDI-LAP-623" failures="0" tests="1" name="com.w2a.testcase.BankManagerLogintest" time="4.622" errors="0" timestamp="2020-03-24T13:15:47 IST" skipped="0">
  <testcase classname="com.w2a.testcase.BankManagerLogintest" name="loginAsBankManager" time="4.622"/>
  <system-out/>
</testsuite> <!-- com.w2a.testcase.BankManagerLogintest -->
